                                                                                                        QUERY PLAN                                                                                                         
---------------------------------------------------------------------------------------------------------------------------------------------------------------------------------------------------------------------------
 Finalize Aggregate  (cost=170929.86..170929.87 rows=1 width=32)
   ->  Gather  (cost=170929.64..170929.85 rows=2 width=32)
         Workers Planned: 2
         ->  Partial Aggregate  (cost=169929.64..169929.65 rows=1 width=32)
               ->  Parallel Seq Scan on lineitem  (cost=0.00..169684.54 rows=49019 width=12)
                     Filter: ((l_shipdate >= '1994-01-01'::date) AND (l_shipdate < '1995-01-01 00:00:00'::timestamp without time zone) AND (l_discount >= 0.05) AND (l_discount <= 0.07) AND (l_quantity < '24'::numeric))
(6 rows)

